#
# There is insufficient memory for the Java Runtime Environment to continue.
# Native memory allocation (mmap) failed to map 2863661056 bytes for committing reserved memory.
# Possible reasons:
#   The system is out of physical RAM or swap space
#   In 32 bit mode, the process size limit was hit
# Possible solutions:
#   Reduce memory load on the system
#   Increase physical memory or swap space
#   Check if swap backing store is full
#   Use 64 bit Java on a 64 bit OS
#   Decrease Java heap size (-Xmx/-Xms)
#   Decrease number of Java threads
#   Decrease Java thread stack sizes (-Xss)
#   Set larger code cache with -XX:ReservedCodeCacheSize=
# This output file may be truncated or incomplete.
#
#  Out of Memory Error (os_linux.cpp:2746), pid=15698, tid=0x00007fb8356f9700
#
# JRE version:  (8.0_191-b12) (build )
# Java VM: OpenJDK 64-Bit Server VM (25.191-b12 mixed mode linux-amd64 compressed oops)
# Failed to write core dump. Core dumps have been disabled. To enable core dumping, try "ulimit -c unlimited" before starting Java again
#

---------------  T H R E A D  ---------------

Current thread (0x00007fb82c00d000):  JavaThread "Unknown thread" [_thread_in_vm, id=15704, stack(0x00007fb8355fa000,0x00007fb8356fa000)]

Stack: [0x00007fb8355fa000,0x00007fb8356fa000],  sp=0x00007fb8356f8590,  free space=1017k
Native frames: (J=compiled Java code, j=interpreted, Vv=VM code, C=native code)
V  [libjvm.so+0xab2552]
V  [libjvm.so+0x4d9e37]
V  [libjvm.so+0x8ed5e0]
V  [libjvm.so+0x8e470e]
V  [libjvm.so+0x968466]
V  [libjvm.so+0x95879c]
V  [libjvm.so+0x2b402e]
V  [libjvm.so+0x9153f1]
V  [libjvm.so+0xa74c2a]
V  [libjvm.so+0xa74f15]
V  [libjvm.so+0x626cef]
V  [libjvm.so+0xa5866b]
V  [libjvm.so+0x6a9241]  JNI_CreateJavaVM+0x61
C  [libjli.so+0x2ce3]
C  [libjli.so+0x77ad]
C  [libpthread.so.0+0x76db]  start_thread+0xdb


---------------  P R O C E S S  ---------------

Java Threads: ( => current thread )

Other Threads:

=>0x00007fb82c00d000 (exited) JavaThread "Unknown thread" [_thread_in_vm, id=15704, stack(0x00007fb8355fa000,0x00007fb8356fa000)]

VM state:not at safepoint (not fully initialized)

VM Mutex/Monitor currently owned by a thread: None

GC Heap History (0 events):
No events

Deoptimization events (0 events):
No events

Classes redefined (0 events):
No events

Internal exceptions (0 events):
No events

Events (0 events):
No events


Dynamic libraries:
76ab00000-7c0000000 rw-p 00000000 00:00 0 
55a0c68da000-55a0c68db000 r-xp 00000000 08:05 2369180                    /usr/lib/jvm/java-8-openjdk-amd64/jre/bin/java
55a0c6ada000-55a0c6adb000 r--p 00000000 08:05 2369180                    /usr/lib/jvm/java-8-openjdk-amd64/jre/bin/java
55a0c6adb000-55a0c6adc000 rw-p 00001000 08:05 2369180                    /usr/lib/jvm/java-8-openjdk-amd64/jre/bin/java
55a0c6b8f000-55a0c6bb0000 rw-p 00000000 00:00 0                          [heap]
7fb81d000000-7fb81d270000 rwxp 00000000 00:00 0 
7fb81d270000-7fb82c000000 ---p 00000000 00:00 0 
7fb82c000000-7fb82c034000 rw-p 00000000 00:00 0 
7fb82c034000-7fb830000000 ---p 00000000 00:00 0 
7fb831189000-7fb8316de000 ---p 00000000 00:00 0 
7fb8316de000-7fb831994000 rw-p 00000000 00:00 0 
7fb831994000-7fb831d4a000 ---p 00000000 00:00 0 
7fb831d4a000-7fb831d52000 r-xp 00000000 08:05 2369226                    /usr/lib/jvm/java-8-openjdk-amd64/jre/lib/amd64/libzip.so
7fb831d52000-7fb831f51000 ---p 00008000 08:05 2369226                    /usr/lib/jvm/java-8-openjdk-amd64/jre/lib/amd64/libzip.so
7fb831f51000-7fb831f52000 r--p 00007000 08:05 2369226                    /usr/lib/jvm/java-8-openjdk-amd64/jre/lib/amd64/libzip.so
7fb831f52000-7fb831f53000 rw-p 00008000 08:05 2369226                    /usr/lib/jvm/java-8-openjdk-amd64/jre/lib/amd64/libzip.so
7fb831f53000-7fb831f5e000 r-xp 00000000 08:05 16650992                   /lib/x86_64-linux-gnu/libnss_files-2.27.so
7fb831f5e000-7fb83215d000 ---p 0000b000 08:05 16650992                   /lib/x86_64-linux-gnu/libnss_files-2.27.so
7fb83215d000-7fb83215e000 r--p 0000a000 08:05 16650992                   /lib/x86_64-linux-gnu/libnss_files-2.27.so
7fb83215e000-7fb83215f000 rw-p 0000b000 08:05 16650992                   /lib/x86_64-linux-gnu/libnss_files-2.27.so
7fb83215f000-7fb832165000 rw-p 00000000 00:00 0 
7fb832165000-7fb83217c000 r-xp 00000000 08:05 16650986                   /lib/x86_64-linux-gnu/libnsl-2.27.so
7fb83217c000-7fb83237b000 ---p 00017000 08:05 16650986                   /lib/x86_64-linux-gnu/libnsl-2.27.so
7fb83237b000-7fb83237c000 r--p 00016000 08:05 16650986                   /lib/x86_64-linux-gnu/libnsl-2.27.so
7fb83237c000-7fb83237d000 rw-p 00017000 08:05 16650986                   /lib/x86_64-linux-gnu/libnsl-2.27.so
7fb83237d000-7fb83237f000 rw-p 00000000 00:00 0 
7fb83237f000-7fb83238a000 r-xp 00000000 08:05 16651002                   /lib/x86_64-linux-gnu/libnss_nis-2.27.so
7fb83238a000-7fb832589000 ---p 0000b000 08:05 16651002                   /lib/x86_64-linux-gnu/libnss_nis-2.27.so
7fb832589000-7fb83258a000 r--p 0000a000 08:05 16651002                   /lib/x86_64-linux-gnu/libnss_nis-2.27.so
7fb83258a000-7fb83258b000 rw-p 0000b000 08:05 16651002                   /lib/x86_64-linux-gnu/libnss_nis-2.27.so
7fb83258b000-7fb832593000 r-xp 00000000 08:05 16650988                   /lib/x86_64-linux-gnu/libnss_compat-2.27.so
7fb832593000-7fb832793000 ---p 00008000 08:05 16650988                   /lib/x86_64-linux-gnu/libnss_compat-2.27.so
7fb832793000-7fb832794000 r--p 00008000 08:05 16650988                   /lib/x86_64-linux-gnu/libnss_compat-2.27.so
7fb832794000-7fb832795000 rw-p 00009000 08:05 16650988                   /lib/x86_64-linux-gnu/libnss_compat-2.27.so
7fb832795000-7fb83279f000 r-xp 00000000 08:05 2369202                    /usr/lib/jvm/java-8-openjdk-amd64/jre/lib/amd64/libinstrument.so
7fb83279f000-7fb83299e000 ---p 0000a000 08:05 2369202                    /usr/lib/jvm/java-8-openjdk-amd64/jre/lib/amd64/libinstrument.so
7fb83299e000-7fb83299f000 r--p 00009000 08:05 2369202                    /usr/lib/jvm/java-8-openjdk-amd64/jre/lib/amd64/libinstrument.so
7fb83299f000-7fb8329a0000 rw-p 0000a000 08:05 2369202                    /usr/lib/jvm/java-8-openjdk-amd64/jre/lib/amd64/libinstrument.so
7fb8329a0000-7fb8329ce000 r-xp 00000000 08:05 2369207                    /usr/lib/jvm/java-8-openjdk-amd64/jre/lib/amd64/libjava.so
7fb8329ce000-7fb832bcd000 ---p 0002e000 08:05 2369207                    /usr/lib/jvm/java-8-openjdk-amd64/jre/lib/amd64/libjava.so
7fb832bcd000-7fb832bce000 r--p 0002d000 08:05 2369207                    /usr/lib/jvm/java-8-openjdk-amd64/jre/lib/amd64/libjava.so
7fb832bce000-7fb832bd0000 rw-p 0002e000 08:05 2369207                    /usr/lib/jvm/java-8-openjdk-amd64/jre/lib/amd64/libjava.so
7fb832bd0000-7fb832be0000 r-xp 00000000 08:05 2369225                    /usr/lib/jvm/java-8-openjdk-amd64/jre/lib/amd64/libverify.so
7fb832be0000-7fb832ddf000 ---p 00010000 08:05 2369225                    /usr/lib/jvm/java-8-openjdk-amd64/jre/lib/amd64/libverify.so
7fb832ddf000-7fb832de1000 r--p 0000f000 08:05 2369225                    /usr/lib/jvm/java-8-openjdk-amd64/jre/lib/amd64/libverify.so
7fb832de1000-7fb832de2000 rw-p 00011000 08:05 2369225                    /usr/lib/jvm/java-8-openjdk-amd64/jre/lib/amd64/libverify.so
7fb832de2000-7fb832de9000 r-xp 00000000 08:05 16651042                   /lib/x86_64-linux-gnu/librt-2.27.so
7fb832de9000-7fb832fe8000 ---p 00007000 08:05 16651042                   /lib/x86_64-linux-gnu/librt-2.27.so
7fb832fe8000-7fb832fe9000 r--p 00006000 08:05 16651042                   /lib/x86_64-linux-gnu/librt-2.27.so
7fb832fe9000-7fb832fea000 rw-p 00007000 08:05 16651042                   /lib/x86_64-linux-gnu/librt-2.27.so
7fb832fea000-7fb833001000 r-xp 00000000 08:05 16650939                   /lib/x86_64-linux-gnu/libgcc_s.so.1
7fb833001000-7fb833200000 ---p 00017000 08:05 16650939                   /lib/x86_64-linux-gnu/libgcc_s.so.1
7fb833200000-7fb833201000 r--p 00016000 08:05 16650939                   /lib/x86_64-linux-gnu/libgcc_s.so.1
7fb833201000-7fb833202000 rw-p 00017000 08:05 16650939                   /lib/x86_64-linux-gnu/libgcc_s.so.1
7fb833202000-7fb83339f000 r-xp 00000000 08:05 16650965                   /lib/x86_64-linux-gnu/libm-2.27.so
7fb83339f000-7fb83359e000 ---p 0019d000 08:05 16650965                   /lib/x86_64-linux-gnu/libm-2.27.so
7fb83359e000-7fb83359f000 r--p 0019c000 08:05 16650965                   /lib/x86_64-linux-gnu/libm-2.27.so
7fb83359f000-7fb8335a0000 rw-p 0019d000 08:05 16650965                   /lib/x86_64-linux-gnu/libm-2.27.so
7fb8335a0000-7fb833719000 r-xp 00000000 08:05 2368093                    /usr/lib/x86_64-linux-gnu/libstdc++.so.6.0.25
7fb833719000-7fb833919000 ---p 00179000 08:05 2368093                    /usr/lib/x86_64-linux-gnu/libstdc++.so.6.0.25
7fb833919000-7fb833923000 r--p 00179000 08:05 2368093                    /usr/lib/x86_64-linux-gnu/libstdc++.so.6.0.25
7fb833923000-7fb833925000 rw-p 00183000 08:05 2368093                    /usr/lib/x86_64-linux-gnu/libstdc++.so.6.0.25
7fb833925000-7fb833929000 rw-p 00000000 00:00 0 
7fb833929000-7fb8345c3000 r-xp 00000000 08:05 2369229                    /usr/lib/jvm/java-8-openjdk-amd64/jre/lib/amd64/server/libjvm.so
7fb8345c3000-7fb8347c2000 ---p 00c9a000 08:05 2369229                    /usr/lib/jvm/java-8-openjdk-amd64/jre/lib/amd64/server/libjvm.so
7fb8347c2000-7fb834856000 r--p 00c99000 08:05 2369229                    /usr/lib/jvm/java-8-openjdk-amd64/jre/lib/amd64/server/libjvm.so
7fb834856000-7fb83487f000 rw-p 00d2d000 08:05 2369229                    /usr/lib/jvm/java-8-openjdk-amd64/jre/lib/amd64/server/libjvm.so
7fb83487f000-7fb8348af000 rw-p 00000000 00:00 0 
7fb8348af000-7fb8348c9000 r-xp 00000000 08:05 16651034                   /lib/x86_64-linux-gnu/libpthread-2.27.so
7fb8348c9000-7fb834ac8000 ---p 0001a000 08:05 16651034                   /lib/x86_64-linux-gnu/libpthread-2.27.so
7fb834ac8000-7fb834ac9000 r--p 00019000 08:05 16651034                   /lib/x86_64-linux-gnu/libpthread-2.27.so
7fb834ac9000-7fb834aca000 rw-p 0001a000 08:05 16651034                   /lib/x86_64-linux-gnu/libpthread-2.27.so
7fb834aca000-7fb834ace000 rw-p 00000000 00:00 0 
7fb834ace000-7fb834ad1000 r-xp 00000000 08:05 16650925                   /lib/x86_64-linux-gnu/libdl-2.27.so
7fb834ad1000-7fb834cd0000 ---p 00003000 08:05 16650925                   /lib/x86_64-linux-gnu/libdl-2.27.so
7fb834cd0000-7fb834cd1000 r--p 00002000 08:05 16650925                   /lib/x86_64-linux-gnu/libdl-2.27.so
7fb834cd1000-7fb834cd2000 rw-p 00003000 08:05 16650925                   /lib/x86_64-linux-gnu/libdl-2.27.so
7fb834cd2000-7fb834cee000 r-xp 00000000 08:05 16651073                   /lib/x86_64-linux-gnu/libz.so.1.2.11
7fb834cee000-7fb834eed000 ---p 0001c000 08:05 16651073                   /lib/x86_64-linux-gnu/libz.so.1.2.11
7fb834eed000-7fb834eee000 r--p 0001b000 08:05 16651073                   /lib/x86_64-linux-gnu/libz.so.1.2.11
7fb834eee000-7fb834eef000 rw-p 0001c000 08:05 16651073                   /lib/x86_64-linux-gnu/libz.so.1.2.11
7fb834eef000-7fb8350d6000 r-xp 00000000 08:05 16650902                   /lib/x86_64-linux-gnu/libc-2.27.so
7fb8350d6000-7fb8352d6000 ---p 001e7000 08:05 16650902                   /lib/x86_64-linux-gnu/libc-2.27.so
7fb8352d6000-7fb8352da000 r--p 001e7000 08:05 16650902                   /lib/x86_64-linux-gnu/libc-2.27.so
7fb8352da000-7fb8352dc000 rw-p 001eb000 08:05 16650902                   /lib/x86_64-linux-gnu/libc-2.27.so
7fb8352dc000-7fb8352e0000 rw-p 00000000 00:00 0 
7fb8352e0000-7fb8352ee000 r-xp 00000000 08:05 2369193                    /usr/lib/jvm/java-8-openjdk-amd64/jre/lib/amd64/jli/libjli.so
7fb8352ee000-7fb8354ed000 ---p 0000e000 08:05 2369193                    /usr/lib/jvm/java-8-openjdk-amd64/jre/lib/amd64/jli/libjli.so
7fb8354ed000-7fb8354ee000 r--p 0000d000 08:05 2369193                    /usr/lib/jvm/java-8-openjdk-amd64/jre/lib/amd64/jli/libjli.so
7fb8354ee000-7fb8354ef000 rw-p 0000e000 08:05 2369193                    /usr/lib/jvm/java-8-openjdk-amd64/jre/lib/amd64/jli/libjli.so
7fb8354ef000-7fb835516000 r-xp 00000000 08:05 16650874                   /lib/x86_64-linux-gnu/ld-2.27.so
7fb8355f9000-7fb8355fa000 ---p 00000000 00:00 0 
7fb8355fa000-7fb8355fd000 ---p 00000000 00:00 0 
7fb8355fd000-7fb8356fc000 rw-p 00000000 00:00 0 
7fb83570a000-7fb835712000 rw-s 00000000 08:05 22675511                   /tmp/hsperfdata_cris/15698
7fb835712000-7fb835713000 rw-p 00000000 00:00 0 
7fb835713000-7fb835714000 r--p 00000000 00:00 0 
7fb835714000-7fb835716000 rw-p 00000000 00:00 0 
7fb835716000-7fb835717000 r--p 00027000 08:05 16650874                   /lib/x86_64-linux-gnu/ld-2.27.so
7fb835717000-7fb835718000 rw-p 00028000 08:05 16650874                   /lib/x86_64-linux-gnu/ld-2.27.so
7fb835718000-7fb835719000 rw-p 00000000 00:00 0 
7ffca9e51000-7ffca9e72000 rw-p 00000000 00:00 0                          [stack]
7ffca9ed8000-7ffca9edb000 r--p 00000000 00:00 0                          [vvar]
7ffca9edb000-7ffca9edd000 r-xp 00000000 00:00 0                          [vdso]
ffffffffff600000-ffffffffff601000 r-xp 00000000 00:00 0                  [vsyscall]

VM Arguments:
jvm_args: -Xms4G -Xmx4G -javaagent:/home/cris/Apps/IntelliJ/idea-IU-183.5429.30/lib/idea_rt.jar=37885:/home/cris/Apps/IntelliJ/idea-IU-183.5429.30/bin -Dfile.encoding=UTF-8 
java_command: com.company.Main 51 random
java_class_path (initial): /usr/lib/jvm/java-8-openjdk-amd64/jre/lib/charsets.jar:/usr/lib/jvm/java-8-openjdk-amd64/jre/lib/ext/cldrdata.jar:/usr/lib/jvm/java-8-openjdk-amd64/jre/lib/ext/dnsns.jar:/usr/lib/jvm/java-8-openjdk-amd64/jre/lib/ext/icedtea-sound.jar:/usr/lib/jvm/java-8-openjdk-amd64/jre/lib/ext/jaccess.jar:/usr/lib/jvm/java-8-openjdk-amd64/jre/lib/ext/java-atk-wrapper.jar:/usr/lib/jvm/java-8-openjdk-amd64/jre/lib/ext/localedata.jar:/usr/lib/jvm/java-8-openjdk-amd64/jre/lib/ext/nashorn.jar:/usr/lib/jvm/java-8-openjdk-amd64/jre/lib/ext/sunec.jar:/usr/lib/jvm/java-8-openjdk-amd64/jre/lib/ext/sunjce_provider.jar:/usr/lib/jvm/java-8-openjdk-amd64/jre/lib/ext/sunpkcs11.jar:/usr/lib/jvm/java-8-openjdk-amd64/jre/lib/ext/zipfs.jar:/usr/lib/jvm/java-8-openjdk-amd64/jre/lib/jce.jar:/usr/lib/jvm/java-8-openjdk-amd64/jre/lib/jsse.jar:/usr/lib/jvm/java-8-openjdk-amd64/jre/lib/management-agent.jar:/usr/lib/jvm/java-8-openjdk-amd64/jre/lib/resources.jar:/usr/lib/jvm/java-8-openjdk-amd64/jre/lib/rt.jar:/home/cris/Desktop/Facultate/Anu2/Java/AdvancedProgramming/Optional 1/out/production/Optional 1:/home/cris/Apps/IntelliJ/idea-IU-183.5429.30/lib/idea_rt.jar
Launcher Type: SUN_STANDARD

Environment Variables:
PATH=/usr/local/sbin:/usr/local/bin:/usr/sbin:/usr/bin:/sbin:/bin:/usr/games:/usr/local/games
SHELL=/bin/bash
DISPLAY=:0

Signal Handlers:
SIGSEGV: [libjvm.so+0xab2ea0], sa_mask[0]=11111111011111111101111111111110, sa_flags=SA_RESTART|SA_SIGINFO
SIGBUS: [libjvm.so+0xab2ea0], sa_mask[0]=11111111011111111101111111111110, sa_flags=SA_RESTART|SA_SIGINFO
SIGFPE: [libjvm.so+0x8e87b0], sa_mask[0]=11111111011111111101111111111110, sa_flags=SA_RESTART|SA_SIGINFO
SIGPIPE: [libjvm.so+0x8e87b0], sa_mask[0]=11111111011111111101111111111110, sa_flags=SA_RESTART|SA_SIGINFO
SIGXFSZ: [libjvm.so+0x8e87b0], sa_mask[0]=11111111011111111101111111111110, sa_flags=SA_RESTART|SA_SIGINFO
SIGILL: [libjvm.so+0x8e87b0], sa_mask[0]=11111111011111111101111111111110, sa_flags=SA_RESTART|SA_SIGINFO
SIGUSR1: SIG_DFL, sa_mask[0]=00000000000000000000000000000000, sa_flags=none
SIGUSR2: [libjvm.so+0x8e8660], sa_mask[0]=00100000000000000000000000000000, sa_flags=SA_RESTART|SA_SIGINFO
SIGHUP: SIG_DFL, sa_mask[0]=00000000000000000000000000000000, sa_flags=none
SIGINT: SIG_DFL, sa_mask[0]=00000000000000000000000000000000, sa_flags=none
SIGTERM: SIG_DFL, sa_mask[0]=00000000000000000000000000000000, sa_flags=none
SIGQUIT: SIG_DFL, sa_mask[0]=00000000000000000000000000000000, sa_flags=none


---------------  S Y S T E M  ---------------

OS:DISTRIB_ID=elementary
DISTRIB_RELEASE=5.0
DISTRIB_CODENAME=juno
DISTRIB_DESCRIPTION="elementary OS 5.0 Juno"

uname:Linux 4.15.0-45-generic #48-Ubuntu SMP Tue Jan 29 16:28:13 UTC 2019 x86_64
libc:glibc 2.27 NPTL 2.27 
rlimit: STACK 8192k, CORE 0k, NPROC 15036, NOFILE 1048576, AS infinity
load average:2.24 1.38 1.22

/proc/meminfo:
MemTotal:        3912036 kB
MemFree:          343968 kB
MemAvailable:     534444 kB
Buffers:           16512 kB
Cached:           478960 kB
SwapCached:        27924 kB
Active:          2571304 kB
Inactive:         719808 kB
Active(anon):    2357008 kB
Inactive(anon):   561760 kB
Active(file):     214296 kB
Inactive(file):   158048 kB
Unevictable:          32 kB
Mlocked:              32 kB
SwapTotal:       2097148 kB
SwapFree:        1933052 kB
Dirty:             18932 kB
Writeback:             0 kB
AnonPages:       2769136 kB
Mapped:           388596 kB
Shmem:            123128 kB
Slab:             108720 kB
SReclaimable:      51308 kB
SUnreclaim:        57412 kB
KernelStack:       13824 kB
PageTables:        47320 kB
NFS_Unstable:          0 kB
Bounce:                0 kB
WritebackTmp:          0 kB
CommitLimit:     4053164 kB
Committed_AS:    9260688 kB
VmallocTotal:   34359738367 kB
VmallocUsed:           0 kB
VmallocChunk:          0 kB
HardwareCorrupted:     0 kB
AnonHugePages:         0 kB
ShmemHugePages:        0 kB
ShmemPmdMapped:        0 kB
CmaTotal:              0 kB
CmaFree:               0 kB
HugePages_Total:       0
HugePages_Free:        0
HugePages_Rsvd:        0
HugePages_Surp:        0
Hugepagesize:       2048 kB
DirectMap4k:      278516 kB
DirectMap2M:     3788800 kB
DirectMap1G:           0 kB

container (cgroup) information:
container_type: cgroupv1
cpu_cpuset_cpus: 0-7
cpu_memory_nodes: 0
active_processor_count: 8
cpu_quota: -1
cpu_period: 100000
cpu_shares: -1
memory_limit_in_bytes: -1
memory_and_swap_limit_in_bytes: -2
memory_soft_limit_in_bytes: -1
memory_usage_in_bytes: 3370483712
memory_max_usage_in_bytes: 0


CPU:total 8 (initial active 8) (4 cores per cpu, 2 threads per core) family 6 model 142 stepping 10, cmov, cx8, fxsr, mmx, sse, sse2, sse3, ssse3, sse4.1, sse4.2, popcnt, avx, avx2, aes, clmul, erms, 3dnowpref, lzcnt, ht, tsc, tscinvbit, bmi1, bmi2, adx

/proc/cpuinfo:
processor	: 0
vendor_id	: GenuineIntel
cpu family	: 6
model		: 142
model name	: Intel(R) Core(TM) i5-8250U CPU @ 1.60GHz
stepping	: 10
microcode	: 0x96
cpu MHz		: 2400.001
cache size	: 6144 KB
physical id	: 0
siblings	: 8
core id		: 0
cpu cores	: 4
apicid		: 0
initial apicid	: 0
fpu		: yes
fpu_exception	: yes
cpuid level	: 22
wp		: yes
flags		: fpu vme de pse tsc msr pae mce cx8 apic sep mtrr pge mca cmov pat pse36 clflush dts acpi mmx fxsr sse sse2 ss ht tm pbe syscall nx pdpe1gb rdtscp lm constant_tsc art arch_perfmon pebs bts rep_good nopl xtopology nonstop_tsc cpuid aperfmperf tsc_known_freq pni pclmulqdq dtes64 monitor ds_cpl vmx est tm2 ssse3 sdbg fma cx16 xtpr pdcm pcid sse4_1 sse4_2 x2apic movbe popcnt tsc_deadline_timer aes xsave avx f16c rdrand lahf_lm abm 3dnowprefetch cpuid_fault epb invpcid_single pti ssbd ibrs ibpb stibp tpr_shadow vnmi flexpriority ept vpid fsgsbase tsc_adjust bmi1 avx2 smep bmi2 erms invpcid mpx rdseed adx smap clflushopt intel_pt xsaveopt xsavec xgetbv1 xsaves dtherm ida arat pln pts hwp hwp_notify hwp_act_window hwp_epp flush_l1d
bugs		: cpu_meltdown spectre_v1 spectre_v2 spec_store_bypass l1tf
bogomips	: 3600.00
clflush size	: 64
cache_alignment	: 64
address sizes	: 39 bits physical, 48 bits virtual
power management:

processor	: 1
vendor_id	: GenuineIntel
cpu family	: 6
model		: 142
model name	: Intel(R) Core(TM) i5-8250U CPU @ 1.60GHz
stepping	: 10
microcode	: 0x96
cpu MHz		: 2400.001
cache size	: 6144 KB
physical id	: 0
siblings	: 8
core id		: 1
cpu cores	: 4
apicid		: 2
initial apicid	: 2
fpu		: yes
fpu_exception	: yes
cpuid level	: 22
wp		: yes
flags		: fpu vme de pse tsc msr pae mce cx8 apic sep mtrr pge mca cmov pat pse36 clflush dts acpi mmx fxsr sse sse2 ss ht tm pbe syscall nx pdpe1gb rdtscp lm constant_tsc art arch_perfmon pebs bts rep_good nopl xtopology nonstop_tsc cpuid aperfmperf tsc_known_freq pni pclmulqdq dtes64 monitor ds_cpl vmx est tm2 ssse3 sdbg fma cx16 xtpr pdcm pcid sse4_1 sse4_2 x2apic movbe popcnt tsc_deadline_timer aes xsave avx f16c rdrand lahf_lm abm 3dnowprefetch cpuid_fault epb invpcid_single pti ssbd ibrs ibpb stibp tpr_shadow vnmi flexpriority ept vpid fsgsbase tsc_adjust bmi1 avx2 smep bmi2 erms invpcid mpx rdseed adx smap clflushopt intel_pt xsaveopt xsavec xgetbv1 xsaves dtherm ida arat pln pts hwp hwp_notify hwp_act_window hwp_epp flush_l1d
bugs		: cpu_meltdown spectre_v1 spectre_v2 spec_store_bypass l1tf
bogomips	: 3600.00
clflush size	: 64
cache_alignment	: 64
address sizes	: 39 bits physical, 48 bits virtual
power management:

processor	: 2
vendor_id	: GenuineIntel
cpu family	: 6
model		: 142
model name	: Intel(R) Core(TM) i5-8250U CPU @ 1.60GHz
stepping	: 10
microcode	: 0x96
cpu MHz		: 2400.025
cache size	: 6144 KB
physical id	: 0
siblings	: 8
core id		: 2
cpu cores	: 4
apicid		: 4
initial apicid	: 4
fpu		: yes
fpu_exception	: yes
cpuid level	: 22
wp		: yes
flags		: fpu vme de pse tsc msr pae mce cx8 apic sep mtrr pge mca cmov pat pse36 clflush dts acpi mmx fxsr sse sse2 ss ht tm pbe syscall nx pdpe1gb rdtscp lm constant_tsc art arch_perfmon pebs bts rep_good nopl xtopology nonstop_tsc cpuid aperfmperf tsc_known_freq pni pclmulqdq dtes64 monitor ds_cpl vmx est tm2 ssse3 sdbg fma cx16 xtpr pdcm pcid sse4_1 sse4_2 x2apic movbe popcnt tsc_deadline_timer aes xsave avx f16c rdrand lahf_lm abm 3dnowprefetch cpuid_fault epb invpcid_single pti ssbd ibrs ibpb stibp tpr_shadow vnmi flexpriority ept vpid fsgsbase tsc_adjust bmi1 avx2 smep bmi2 erms invpcid mpx rdseed adx smap clflushopt intel_pt xsaveopt xsavec xgetbv1 xsaves dtherm ida arat pln pts hwp hwp_notify hwp_act_window hwp_epp flush_l1d
bugs		: cpu_meltdown spectre_v1 spectre_v2 spec_store_bypass l1tf
bogomips	: 3600.00
clflush size	: 64
cache_alignment	: 64
address sizes	: 39 bits physical, 48 bits virtual
power management:

processor	: 3
vendor_id	: GenuineIntel
cpu family	: 6
model		: 142
model name	: Intel(R) Core(TM) i5-8250U CPU @ 1.60GHz
stepping	: 10
microcode	: 0x96
cpu MHz		: 2400.022
cache size	: 6144 KB
physical id	: 0
siblings	: 8
core id		: 3
cpu cores	: 4
apicid		: 6
initial apicid	: 6
fpu		: yes
fpu_exception	: yes
cpuid level	: 22
wp		: yes
flags		: fpu vme de pse tsc msr pae mce cx8 apic sep mtrr pge mca cmov pat pse36 clflush dts acpi mmx fxsr sse sse2 ss ht tm pbe syscall nx pdpe1gb rdtscp lm constant_tsc art arch_perfmon pebs bts rep_good nopl xtopology nonstop_tsc cpuid aperfmperf tsc_known_freq pni pclmulqdq dtes64 monitor ds_cpl vmx est tm2 ssse3 sdbg fma cx16 xtpr pdcm pcid sse4_1 sse4_2 x2apic movbe popcnt tsc_deadline_timer aes xsave avx f16c rdrand lahf_lm abm 3dnowprefetch cpuid_fault epb invpcid_single pti ssbd ibrs ibpb stibp tpr_shadow vnmi flexpriority ept vpid fsgsbase tsc_adjust bmi1 avx2 smep bmi2 erms invpcid mpx rdseed adx smap clflushopt intel_pt xsaveopt xsavec xgetbv1 xsaves dtherm ida arat pln pts hwp hwp_notify hwp_act_window hwp_epp flush_l1d
bugs		: cpu_meltdown spectre_v1 spectre_v2 spec_store_bypass l1tf
bogomips	: 3600.00
clflush size	: 64
cache_alignment	: 64
address sizes	: 39 bits physical, 48 bits virtual
power management:

processor	: 4
vendor_id	: GenuineIntel
cpu family	: 6
model		: 142
model name	: Intel(R) Core(TM) i5-8250U CPU @ 1.60GHz
stepping	: 10
microcode	: 0x96
cpu MHz		: 2399.999
cache size	: 6144 KB
physical id	: 0
siblings	: 8
core id		: 0
cpu cores	: 4
apicid		: 1
initial apicid	: 1
fpu		: yes
fpu_exception	: yes
cpuid level	: 22
wp		: yes
flags		: fpu vme de pse tsc msr pae mce cx8 apic sep mtrr pge mca cmov pat pse36 clflush dts acpi mmx fxsr sse sse2 ss ht tm pbe syscall nx pdpe1gb rdtscp lm constant_tsc art arch_perfmon pebs bts rep_good nopl xtopology nonstop_tsc cpuid aperfmperf tsc_known_freq pni pclmulqdq dtes64 monitor ds_cpl vmx est tm2 ssse3 sdbg fma cx16 xtpr pdcm pcid sse4_1 sse4_2 x2apic movbe popcnt tsc_deadline_timer aes xsave avx f16c rdrand lahf_lm abm 3dnowprefetch cpuid_fault epb invpcid_single pti ssbd ibrs ibpb stibp tpr_shadow vnmi flexpriority ept vpid fsgsbase tsc_adjust bmi1 avx2 smep bmi2 erms invpcid mpx rdseed adx smap clflushopt intel_pt xsaveopt xsavec xgetbv1 xsaves dtherm ida arat pln pts hwp hwp_notify hwp_act_window hwp_epp flush_l1d
bugs		: cpu_meltdown spectre_v1 spectre_v2 spec_store_bypass l1tf
bogomips	: 3600.00
clflush size	: 64
cache_alignment	: 64
address sizes	: 39 bits physical, 48 bits virtual
power management:

processor	: 5
vendor_id	: GenuineIntel
cpu family	: 6
model		: 142
model name	: Intel(R) Core(TM) i5-8250U CPU @ 1.60GHz
stepping	: 10
microcode	: 0x96
cpu MHz		: 2399.625
cache size	: 6144 KB
physical id	: 0
siblings	: 8
core id		: 1
cpu cores	: 4
apicid		: 3
initial apicid	: 3
fpu		: yes
fpu_exception	: yes
cpuid level	: 22
wp		: yes
flags		: fpu vme de pse tsc msr pae mce cx8 apic sep mtrr pge mca cmov pat pse36 clflush dts acpi mmx fxsr sse sse2 ss ht tm pbe syscall nx pdpe1gb rdtscp lm constant_tsc art arch_perfmon pebs bts rep_good nopl xtopology nonstop_tsc cpuid aperfmperf tsc_known_freq pni pclmulqdq dtes64 monitor ds_cpl vmx est tm2 ssse3 sdbg fma cx16 xtpr pdcm pcid sse4_1 sse4_2 x2apic movbe popcnt tsc_deadline_timer aes xsave avx f16c rdrand lahf_lm abm 3dnowprefetch cpuid_fault epb invpcid_single pti ssbd ibrs ibpb stibp tpr_shadow vnmi flexpriority ept vpid fsgsbase tsc_adjust bmi1 avx2 smep bmi2 erms invpcid mpx rdseed adx smap clflushopt intel_pt xsaveopt xsavec xgetbv1 xsaves dtherm ida arat pln pts hwp hwp_notify hwp_act_window hwp_epp flush_l1d
bugs		: cpu_meltdown spectre_v1 spectre_v2 spec_store_bypass l1tf
bogomips	: 3600.00
clflush size	: 64
cache_alignment	: 64
address sizes	: 39 bits physical, 48 bits virtual
power management:

processor	: 6
vendor_id	: GenuineIntel
cpu family	: 6
model		: 142
model name	: Intel(R) Core(TM) i5-8250U CPU @ 1.60GHz
stepping	: 10
microcode	: 0x96
cpu MHz		: 2400.031
cache size	: 6144 KB
physical id	: 0
siblings	: 8
core id		: 2
cpu cores	: 4
apicid		: 5
initial apicid	: 5
fpu		: yes
fpu_exception	: yes
cpuid level	: 22
wp		: yes
flags		: fpu vme de pse tsc msr pae mce cx8 apic sep mtrr pge mca cmov pat pse36 clflush dts acpi mmx fxsr sse sse2 ss ht tm pbe syscall nx pdpe1gb rdtscp lm constant_tsc art arch_perfmon pebs bts rep_good nopl xtopology nonstop_tsc cpuid aperfmperf tsc_known_freq pni pclmulqdq dtes64 monitor ds_cpl vmx est tm2 ssse3 sdbg fma cx16 xtpr pdcm pcid sse4_1 sse4_2 x2apic movbe popcnt tsc_deadline_timer aes xsave avx f16c rdrand lahf_lm abm 3dnowprefetch cpuid_fault epb invpcid_single pti ssbd ibrs ibpb stibp tpr_shadow vnmi flexpriority ept vpid fsgsbase tsc_adjust bmi1 avx2 smep bmi2 erms invpcid mpx rdseed adx smap clflushopt intel_pt xsaveopt xsavec xgetbv1 xsaves dtherm ida arat pln pts hwp hwp_notify hwp_act_window hwp_epp flush_l1d
bugs		: cpu_meltdown spectre_v1 spectre_v2 spec_store_bypass l1tf
bogomips	: 3600.00
clflush size	: 64
cache_alignment	: 64
address sizes	: 39 bits physical, 48 bits virtual
power management:

processor	: 7
vendor_id	: GenuineIntel
cpu family	: 6
model		: 142
model name	: Intel(R) Core(TM) i5-8250U CPU @ 1.60GHz
stepping	: 10
microcode	: 0x96
cpu MHz		: 2400.007
cache size	: 6144 KB
physical id	: 0
siblings	: 8
core id		: 3
cpu cores	: 4
apicid		: 7
initial apicid	: 7
fpu		: yes
fpu_exception	: yes
cpuid level	: 22
wp		: yes
flags		: fpu vme de pse tsc msr pae mce cx8 apic sep mtrr pge mca cmov pat pse36 clflush dts acpi mmx fxsr sse sse2 ss ht tm pbe syscall nx pdpe1gb rdtscp lm constant_tsc art arch_perfmon pebs bts rep_good nopl xtopology nonstop_tsc cpuid aperfmperf tsc_known_freq pni pclmulqdq dtes64 monitor ds_cpl vmx est tm2 ssse3 sdbg fma cx16 xtpr pdcm pcid sse4_1 sse4_2 x2apic movbe popcnt tsc_deadline_timer aes xsave avx f16c rdrand lahf_lm abm 3dnowprefetch cpuid_fault epb invpcid_single pti ssbd ibrs ibpb stibp tpr_shadow vnmi flexpriority ept vpid fsgsbase tsc_adjust bmi1 avx2 smep bmi2 erms invpcid mpx rdseed adx smap clflushopt intel_pt xsaveopt xsavec xgetbv1 xsaves dtherm ida arat pln pts hwp hwp_notify hwp_act_window hwp_epp flush_l1d
bugs		: cpu_meltdown spectre_v1 spectre_v2 spec_store_bypass l1tf
bogomips	: 3600.00
clflush size	: 64
cache_alignment	: 64
address sizes	: 39 bits physical, 48 bits virtual
power management:



Memory: 4k page, physical 3912036k(341284k free), swap 2097148k(1933052k free)

vm_info: OpenJDK 64-Bit Server VM (25.191-b12) for linux-amd64 JRE (1.8.0_191-8u191-b12-2ubuntu0.18.04.1-b12), built on Jan 14 2019 21:02:00 by "buildd" with gcc 7.3.0

time: Fri Feb 22 13:05:04 2019
elapsed time: 0 seconds (0d 0h 0m 0s)

